#
# There is insufficient memory for the Java Runtime Environment to continue.
# Native memory allocation (malloc) failed to allocate 222496 bytes for Chunk::new
# Possible reasons:
#   The system is out of physical RAM or swap space
#   The process is running with CompressedOops enabled, and the Java Heap may be blocking the growth of the native heap
# Possible solutions:
#   Reduce memory load on the system
#   Increase physical memory or swap space
#   Check if swap backing store is full
#   Decrease Java heap size (-Xmx/-Xms)
#   Decrease number of Java threads
#   Decrease Java thread stack sizes (-Xss)
#   Set larger code cache with -XX:ReservedCodeCacheSize=
#   JVM is running with Zero Based Compressed Oops mode in which the Java heap is
#     placed in the first 32GB address space. The Java Heap base address is the
#     maximum limit for the native heap growth. Please use -XX:HeapBaseMinAddress
#     to set the Java Heap base and to place the Java Heap above 32GB virtual address.
# This output file may be truncated or incomplete.
#
#  Out of Memory Error (allocation.cpp:389), pid=45984, tid=0x0000000000006340
#
# JRE version: Java(TM) SE Runtime Environment (8.0_251-b08) (build 1.8.0_251-b08)
# Java VM: Java HotSpot(TM) 64-Bit Server VM (25.251-b08 mixed mode windows-amd64 compressed oops)
# Failed to write core dump. Minidumps are not enabled by default on client versions of Windows
#

---------------  T H R E A D  ---------------

Current thread (0x000000001c641800):  JavaThread "C2 CompilerThread1" daemon [_thread_in_native, id=25408, stack(0x000000001dd80000,0x000000001de80000)]

Stack: [0x000000001dd80000,0x000000001de80000]
[error occurred during error reporting (printing stack bounds), id 0xc0000005]

Native frames: (J=compiled Java code, j=interpreted, Vv=VM code, C=native code)


Current CompileTask:
C2:27080804 9476 %     4       com.sun.crypto.provider.AESCrypt::makeSessionKey @ 527 (790 bytes)


---------------  P R O C E S S  ---------------

Java Threads: ( => current thread )
  0x0000000023f0f000 JavaThread "HikariPool-1 connection adder" daemon [_thread_in_vm, id=35000, stack(0x0000000002df0000,0x0000000002ef0000)]
  0x0000000023f0e800 JavaThread "HikariPool-1 connection closer" daemon [_thread_blocked, id=48408, stack(0x0000000001440000,0x0000000001540000)]
  0x0000000023f0d000 JavaThread "HikariPool-1 housekeeper" daemon [_thread_blocked, id=26104, stack(0x0000000026970000,0x0000000026a70000)]
  0x0000000023f10800 JavaThread "DestroyJavaVM" [_thread_blocked, id=45504, stack(0x0000000002ce0000,0x0000000002de0000)]
  0x0000000023f09000 JavaThread "http-nio-8082-Acceptor" daemon [_thread_in_native, id=13492, stack(0x0000000025dd0000,0x0000000025ed0000)]
  0x0000000023f0a000 JavaThread "http-nio-8082-ClientPoller" daemon [_thread_in_native, id=29044, stack(0x0000000025cd0000,0x0000000025dd0000)]
  0x0000000023f0c000 JavaThread "http-nio-8082-exec-10" daemon [_thread_blocked, id=45992, stack(0x0000000025bd0000,0x0000000025cd0000)]
  0x0000000023f10000 JavaThread "http-nio-8082-exec-9" daemon [_thread_blocked, id=47292, stack(0x0000000025ad0000,0x0000000025bd0000)]
  0x0000000023633000 JavaThread "http-nio-8082-exec-8" daemon [_thread_blocked, id=46360, stack(0x00000000259d0000,0x0000000025ad0000)]
  0x0000000023632800 JavaThread "http-nio-8082-exec-7" daemon [_thread_blocked, id=47700, stack(0x00000000258d0000,0x00000000259d0000)]
  0x0000000023630000 JavaThread "http-nio-8082-exec-6" daemon [_thread_blocked, id=15640, stack(0x00000000256d0000,0x00000000257d0000)]
  0x000000002362f000 JavaThread "http-nio-8082-exec-5" daemon [_thread_blocked, id=41388, stack(0x00000000255d0000,0x00000000256d0000)]
  0x0000000023636000 JavaThread "http-nio-8082-exec-4" daemon [_thread_blocked, id=20088, stack(0x00000000254d0000,0x00000000255d0000)]
  0x0000000023634000 JavaThread "http-nio-8082-exec-3" daemon [_thread_blocked, id=33672, stack(0x00000000253d0000,0x00000000254d0000)]
  0x0000000023634800 JavaThread "http-nio-8082-exec-2" daemon [_thread_blocked, id=48156, stack(0x00000000252d0000,0x00000000253d0000)]
  0x0000000023630800 JavaThread "http-nio-8082-exec-1" daemon [_thread_blocked, id=42672, stack(0x00000000251d0000,0x00000000252d0000)]
  0x0000000023635800 JavaThread "http-nio-8082-BlockPoller" daemon [_thread_in_native, id=45616, stack(0x0000000024fd0000,0x00000000250d0000)]
  0x0000000023631800 JavaThread "Live Reload Server" daemon [_thread_in_native, id=48892, stack(0x00000000250d0000,0x00000000251d0000)]
  0x0000000023f49000 JavaThread "File Watcher" daemon [_thread_blocked, id=48888, stack(0x0000000024ed0000,0x0000000024fd0000)]
  0x00000000212b1800 JavaThread "mysql-cj-abandoned-connection-cleanup" daemon [_thread_blocked, id=47844, stack(0x0000000023730000,0x0000000023830000)]
  0x0000000021dba000 JavaThread "container-0" [_thread_blocked, id=47792, stack(0x00000000225c0000,0x00000000226c0000)]
  0x00000000234c8000 JavaThread "Catalina-utility-2" [_thread_blocked, id=44528, stack(0x00000000220a0000,0x00000000221a0000)]
  0x000000001fc25000 JavaThread "Catalina-utility-1" [_thread_blocked, id=46912, stack(0x00000000207d0000,0x00000000208d0000)]
  0x000000001c68e800 JavaThread "Service Thread" daemon [_thread_blocked, id=37332, stack(0x000000001e380000,0x000000001e480000)]
  0x000000001c647800 JavaThread "C1 CompilerThread2" daemon [_thread_blocked, id=5248, stack(0x000000001de80000,0x000000001df80000)]
=>0x000000001c641800 JavaThread "C2 CompilerThread1" daemon [_thread_in_native, id=25408, stack(0x000000001dd80000,0x000000001de80000)]
  0x000000001c633000 JavaThread "C2 CompilerThread0" daemon [_thread_blocked, id=47004, stack(0x000000001dc80000,0x000000001dd80000)]
  0x000000001c632000 JavaThread "Attach Listener" daemon [_thread_blocked, id=36428, stack(0x000000001db80000,0x000000001dc80000)]
  0x000000001c630800 JavaThread "Signal Dispatcher" daemon [_thread_blocked, id=40168, stack(0x000000001da80000,0x000000001db80000)]
  0x000000001c61a800 JavaThread "Finalizer" daemon [_thread_blocked, id=41768, stack(0x000000001d880000,0x000000001d980000)]
  0x0000000003014000 JavaThread "Reference Handler" daemon [_thread_blocked, id=10268, stack(0x000000001d780000,0x000000001d880000)]

Other Threads:
  0x000000001c5f7800 VMThread [stack: 0x000000001d680000,0x000000001d780000] [id=43388]
  0x000000001dfcc000 WatcherThread [stack: 0x000000001e480000,0x000000001e580000] [id=41260]

VM state:not at safepoint (normal execution)

VM Mutex/Monitor currently owned by a thread: None

heap address: 0x00000006c1e00000, size: 4066 MB, Compressed Oops mode: Zero based, Oop shift amount: 3
Narrow klass base: 0x0000000000000000, Narrow klass shift: 3
Compressed class space size: 1073741824 Address: 0x00000007c0000000

Heap:
 PSYoungGen      total 70144K, used 59253K [0x000000076b500000, 0x0000000770600000, 0x00000007c0000000)
  eden space 68608K, 84% used [0x000000076b500000,0x000000076edbef00,0x000000076f800000)
  from space 1536K, 74% used [0x000000076f900000,0x000000076fa1e5d0,0x000000076fa80000)
  to   space 7168K, 0% used [0x000000076ff00000,0x000000076ff00000,0x0000000770600000)
 ParOldGen       total 164352K, used 22554K [0x00000006c1e00000, 0x00000006cbe80000, 0x000000076b500000)
  object space 164352K, 13% used [0x00000006c1e00000,0x00000006c3406ae8,0x00000006cbe80000)
 Metaspace       used 47458K, capacity 50124K, committed 50392K, reserved 1093632K
  class space    used 5585K, capacity 6056K, committed 6144K, reserved 1048576K

Card table byte_map: [0x00000000123e0000,0x0000000012be0000] byte_map_base: 0x000000000edd1000

Marking Bits: (ParMarkBitMap*) 0x000000005649af90
 Begin Bits: [0x0000000013530000, 0x00000000174b8000)
 End Bits:   [0x00000000174b8000, 0x000000001b440000)

Polling page: 0x0000000000ff0000

CodeCache: size=245760Kb used=28534Kb max_used=28545Kb free=217225Kb
 bounds [0x0000000003020000, 0x0000000004c30000, 0x0000000012020000]
 total_blobs=8343 nmethods=7809 adapters=445
 compilation: enabled

Compilation events (10 events):
Event: 27080.790 Thread 0x000000001c641800 nmethod 9472 0x0000000004239410 code [0x0000000004239560, 0x0000000004239898]
Event: 27080.791 Thread 0x000000001c647800 9473       3       sun.security.ssl.Debug::getBooleanProperty (75 bytes)
Event: 27080.792 Thread 0x000000001c647800 nmethod 9473 0x000000000423d3d0 code [0x000000000423d620, 0x000000000423e3d8]
Event: 27080.792 Thread 0x000000001c647800 9474       3       java.util.Collections::sort (8 bytes)
Event: 27080.792 Thread 0x000000001c647800 nmethod 9474 0x00000000038d6490 code [0x00000000038d6600, 0x00000000038d6808]
Event: 27080.796 Thread 0x000000001c633000 9475       4       java.math.BigInteger::bitLength (140 bytes)
Event: 27080.797 Thread 0x000000001c641800 9476 %     4       com.sun.crypto.provider.AESCrypt::makeSessionKey @ 527 (790 bytes)
Event: 27080.797 Thread 0x000000001c633000 nmethod 9475 0x00000000042390d0 code [0x0000000004239220, 0x0000000004239318]
Event: 27080.802 Thread 0x000000001c647800 9477       1       java.net.InetAddress$InetAddressHolder::getAddress (5 bytes)
Event: 27080.802 Thread 0x000000001c647800 nmethod 9477 0x0000000003dd8c90 code [0x0000000003dd8de0, 0x0000000003dd8ef0]

GC Heap History (10 events):
Event: 22358.915 GC heap before
{Heap before GC invocations=41 (full 2):
 PSYoungGen      total 80896K, used 75534K [0x000000076b500000, 0x0000000770e00000, 0x00000007c0000000)
  eden space 73728K, 100% used [0x000000076b500000,0x000000076fd00000,0x000000076fd00000)
  from space 7168K, 25% used [0x0000000770700000,0x00000007708c3ba0,0x0000000770e00000)
  to   space 8704K, 0% used [0x000000076fd00000,0x000000076fd00000,0x0000000770580000)
 ParOldGen       total 164352K, used 22268K [0x00000006c1e00000, 0x00000006cbe80000, 0x000000076b500000)
  object space 164352K, 13% used [0x00000006c1e00000,0x00000006c33bf328,0x00000006cbe80000)
 Metaspace       used 47437K, capacity 50124K, committed 50392K, reserved 1093632K
  class space    used 5585K, capacity 6056K, committed 6144K, reserved 1048576K
Event: 22358.919 GC heap after
Heap after GC invocations=41 (full 2):
 PSYoungGen      total 74240K, used 1272K [0x000000076b500000, 0x0000000770c00000, 0x00000007c0000000)
  eden space 72704K, 0% used [0x000000076b500000,0x000000076b500000,0x000000076fc00000)
  from space 1536K, 82% used [0x000000076fd00000,0x000000076fe3e170,0x000000076fe80000)
  to   space 8192K, 0% used [0x0000000770400000,0x0000000770400000,0x0000000770c00000)
 ParOldGen       total 164352K, used 22332K [0x00000006c1e00000, 0x00000006cbe80000, 0x000000076b500000)
  object space 164352K, 13% used [0x00000006c1e00000,0x00000006c33cf068,0x00000006cbe80000)
 Metaspace       used 47437K, capacity 50124K, committed 50392K, reserved 1093632K
  class space    used 5585K, capacity 6056K, committed 6144K, reserved 1048576K
}
Event: 22796.381 GC heap before
{Heap before GC invocations=42 (full 2):
 PSYoungGen      total 74240K, used 73976K [0x000000076b500000, 0x0000000770c00000, 0x00000007c0000000)
  eden space 72704K, 100% used [0x000000076b500000,0x000000076fc00000,0x000000076fc00000)
  from space 1536K, 82% used [0x000000076fd00000,0x000000076fe3e170,0x000000076fe80000)
  to   space 8192K, 0% used [0x0000000770400000,0x0000000770400000,0x0000000770c00000)
 ParOldGen       total 164352K, used 22332K [0x00000006c1e00000, 0x00000006cbe80000, 0x000000076b500000)
  object space 164352K, 13% used [0x00000006c1e00000,0x00000006c33cf068,0x00000006cbe80000)
 Metaspace       used 47438K, capacity 50124K, committed 50392K, reserved 1093632K
  class space    used 5585K, capacity 6056K, committed 6144K, reserved 1048576K
Event: 22796.383 GC heap after
Heap after GC invocations=42 (full 2):
 PSYoungGen      total 78848K, used 1192K [0x000000076b500000, 0x0000000770b00000, 0x00000007c0000000)
  eden space 71680K, 0% used [0x000000076b500000,0x000000076b500000,0x000000076fb00000)
  from space 7168K, 16% used [0x0000000770400000,0x000000077052a3a0,0x0000000770b00000)
  to   space 8192K, 0% used [0x000000076fb00000,0x000000076fb00000,0x0000000770300000)
 ParOldGen       total 164352K, used 22443K [0x00000006c1e00000, 0x00000006cbe80000, 0x000000076b500000)
  object space 164352K, 13% used [0x00000006c1e00000,0x00000006c33eac48,0x00000006cbe80000)
 Metaspace       used 47438K, capacity 50124K, committed 50392K, reserved 1093632K
  class space    used 5585K, capacity 6056K, committed 6144K, reserved 1048576K
}
Event: 23200.811 GC heap before
{Heap before GC invocations=43 (full 2):
 PSYoungGen      total 78848K, used 72872K [0x000000076b500000, 0x0000000770b00000, 0x00000007c0000000)
  eden space 71680K, 100% used [0x000000076b500000,0x000000076fb00000,0x000000076fb00000)
  from space 7168K, 16% used [0x0000000770400000,0x000000077052a3a0,0x0000000770b00000)
  to   space 8192K, 0% used [0x000000076fb00000,0x000000076fb00000,0x0000000770300000)
 ParOldGen       total 164352K, used 22443K [0x00000006c1e00000, 0x00000006cbe80000, 0x000000076b500000)
  object space 164352K, 13% used [0x00000006c1e00000,0x00000006c33eac48,0x00000006cbe80000)
 Metaspace       used 47441K, capacity 50124K, committed 50392K, reserved 1093632K
  class space    used 5585K, capacity 6056K, committed 6144K, reserved 1048576K
Event: 23200.814 GC heap after
Heap after GC invocations=43 (full 2):
 PSYoungGen      total 72704K, used 1918K [0x000000076b500000, 0x0000000770900000, 0x00000007c0000000)
  eden space 70656K, 0% used [0x000000076b500000,0x000000076b500000,0x000000076fa00000)
  from space 2048K, 93% used [0x000000076fb00000,0x000000076fcdfa10,0x000000076fd00000)
  to   space 7680K, 0% used [0x0000000770180000,0x0000000770180000,0x0000000770900000)
 ParOldGen       total 164352K, used 22483K [0x00000006c1e00000, 0x00000006cbe80000, 0x000000076b500000)
  object space 164352K, 13% used [0x00000006c1e00000,0x00000006c33f4c48,0x00000006cbe80000)
 Metaspace       used 47441K, capacity 50124K, committed 50392K, reserved 1093632K
  class space    used 5585K, capacity 6056K, committed 6144K, reserved 1048576K
}
Event: 23635.872 GC heap before
{Heap before GC invocations=44 (full 2):
 PSYoungGen      total 72704K, used 72574K [0x000000076b500000, 0x0000000770900000, 0x00000007c0000000)
  eden space 70656K, 100% used [0x000000076b500000,0x000000076fa00000,0x000000076fa00000)
  from space 2048K, 93% used [0x000000076fb00000,0x000000076fcdfa10,0x000000076fd00000)
  to   space 7680K, 0% used [0x0000000770180000,0x0000000770180000,0x0000000770900000)
 ParOldGen       total 164352K, used 22483K [0x00000006c1e00000, 0x00000006cbe80000, 0x000000076b500000)
  object space 164352K, 13% used [0x00000006c1e00000,0x00000006c33f4c48,0x00000006cbe80000)
 Metaspace       used 47447K, capacity 50124K, committed 50392K, reserved 1093632K
  class space    used 5585K, capacity 6056K, committed 6144K, reserved 1048576K
Event: 23635.875 GC heap after
Heap after GC invocations=44 (full 2):
 PSYoungGen      total 75264K, used 1645K [0x000000076b500000, 0x0000000770700000, 0x00000007c0000000)
  eden space 69632K, 0% used [0x000000076b500000,0x000000076b500000,0x000000076f900000)
  from space 5632K, 29% used [0x0000000770180000,0x000000077031b520,0x0000000770700000)
  to   space 7168K, 0% used [0x000000076f900000,0x000000076f900000,0x0000000770000000)
 ParOldGen       total 164352K, used 22491K [0x00000006c1e00000, 0x00000006cbe80000, 0x000000076b500000)
  object space 164352K, 13% used [0x00000006c1e00000,0x00000006c33f6c48,0x00000006cbe80000)
 Metaspace       used 47447K, capacity 50124K, committed 50392K, reserved 1093632K
  class space    used 5585K, capacity 6056K, committed 6144K, reserved 1048576K
}
Event: 24069.992 GC heap before
{Heap before GC invocations=45 (full 2):
 PSYoungGen      total 75264K, used 71277K [0x000000076b500000, 0x0000000770700000, 0x00000007c0000000)
  eden space 69632K, 100% used [0x000000076b500000,0x000000076f900000,0x000000076f900000)
  from space 5632K, 29% used [0x0000000770180000,0x000000077031b520,0x0000000770700000)
  to   space 7168K, 0% used [0x000000076f900000,0x000000076f900000,0x0000000770000000)
 ParOldGen       total 164352K, used 22491K [0x00000006c1e00000, 0x00000006cbe80000, 0x000000076b500000)
  object space 164352K, 13% used [0x00000006c1e00000,0x00000006c33f6c48,0x00000006cbe80000)
 Metaspace       used 47447K, capacity 50124K, committed 50392K, reserved 1093632K
  class space    used 5585K, capacity 6056K, committed 6144K, reserved 1048576K
Event: 24069.994 GC heap after
Heap after GC invocations=45 (full 2):
 PSYoungGen      total 70144K, used 1145K [0x000000076b500000, 0x0000000770600000, 0x00000007c0000000)
  eden space 68608K, 0% used [0x000000076b500000,0x000000076b500000,0x000000076f800000)
  from space 1536K, 74% used [0x000000076f900000,0x000000076fa1e5d0,0x000000076fa80000)
  to   space 7168K, 0% used [0x000000076ff00000,0x000000076ff00000,0x0000000770600000)
 ParOldGen       total 164352K, used 22554K [0x00000006c1e00000, 0x00000006cbe80000, 0x000000076b500000)
  object space 164352K, 13% used [0x00000006c1e00000,0x00000006c3406ae8,0x00000006cbe80000)
 Metaspace       used 47447K, capacity 50124K, committed 50392K, reserved 1093632K
  class space    used 5585K, capacity 6056K, committed 6144K, reserved 1048576K
}

Deoptimization events (10 events):
Event: 15960.948 Thread 0x0000000023634000 Uncommon trap: reason=unstable_if action=reinterpret pc=0x0000000003b6c460 method=org.springframework.beans.PropertyEditorRegistrySupport.findCustomEditor(Ljava/lang/Class;Ljava/lang/String;)Ljava/beans/PropertyEditor; @ 3
Event: 15960.948 Thread 0x0000000023634000 Uncommon trap: reason=unstable_if action=reinterpret pc=0x00000000038ca1ec method=org.springframework.core.convert.TypeDescriptor.annotationsMatch(Lorg/springframework/core/convert/TypeDescriptor;)Z @ 21
Event: 15960.949 Thread 0x0000000023634000 Uncommon trap: reason=null_check action=make_not_entrant pc=0x00000000044b2600 method=org.springframework.core.convert.support.GenericConversionService.getConverter(Lorg/springframework/core/convert/TypeDescriptor;Lorg/springframework/core/convert/TypeDes
Event: 15960.950 Thread 0x0000000023634000 Uncommon trap: reason=unstable_if action=reinterpret pc=0x0000000003f3c328 method=org.springframework.core.convert.TypeDescriptor.annotationsMatch(Lorg/springframework/core/convert/TypeDescriptor;)Z @ 21
Event: 17104.270 Thread 0x0000000023630000 Uncommon trap: reason=unstable_if action=reinterpret pc=0x000000000350cd70 method=org.attoparser.MarkupEventProcessorHandler.pushToStack([CII)V @ 9
Event: 17203.615 Thread 0x0000000023630800 Uncommon trap: reason=unstable_if action=reinterpret pc=0x00000000043ee698 method=org.attoparser.MarkupEventProcessorHandler.pushToStack([CII)V @ 9
Event: 21378.008 Thread 0x0000000023f12000 Uncommon trap: reason=class_check action=maybe_recompile pc=0x0000000004be37d4 method=java.util.stream.AbstractPipeline.wrapAndCopyInto(Ljava/util/stream/Sink;Ljava/util/Spliterator;)Ljava/util/stream/Sink; @ 6
Event: 21378.009 Thread 0x0000000023f12000 Uncommon trap: reason=class_check action=maybe_recompile pc=0x0000000004be37d4 method=java.util.stream.AbstractPipeline.wrapAndCopyInto(Ljava/util/stream/Sink;Ljava/util/Spliterator;)Ljava/util/stream/Sink; @ 6
Event: 21378.009 Thread 0x0000000023f12000 Uncommon trap: reason=class_check action=maybe_recompile pc=0x0000000004be37d4 method=java.util.stream.AbstractPipeline.wrapAndCopyInto(Ljava/util/stream/Sink;Ljava/util/Spliterator;)Ljava/util/stream/Sink; @ 6
Event: 21378.009 Thread 0x0000000023f12000 Uncommon trap: reason=class_check action=maybe_recompile pc=0x0000000004be37d4 method=java.util.stream.AbstractPipeline.wrapAndCopyInto(Ljava/util/stream/Sink;Ljava/util/Spliterator;)Ljava/util/stream/Sink; @ 6

Classes redefined (0 events):
No events

Internal exceptions (10 events):
Event: 18.090 Thread 0x0000000023630800 Exception <a 'java/lang/ClassNotFoundException': java/lang/ObjectCustomizer> (0x000000076d760ae8) thrown at [C:\jenkins\workspace\8-2-build-windows-amd64-cygwin\jdk8u251\737\hotspot\src\share\vm\classfile\systemDictionary.cpp, line 210]
Event: 18.092 Thread 0x0000000023630800 Exception <a 'java/lang/ClassNotFoundException': com/nikitahotel/nikitahotel/POJO/ReservationCustomizer> (0x000000076d77e3a8) thrown at [C:\jenkins\workspace\8-2-build-windows-amd64-cygwin\jdk8u251\737\hotspot\src\share\vm\classfile\systemDictionary.cpp, 
Event: 1103.454 Thread 0x0000000023630800 Implicit null exception at 0x00000000036728ef to 0x0000000003672fc1
Event: 1104.769 Thread 0x0000000023630800 Implicit null exception at 0x0000000003a7d9b9 to 0x0000000003a7dc31
Event: 8017.736 Thread 0x0000000023f10000 Implicit null exception at 0x00000000038b36e2 to 0x00000000038b3b51
Event: 8028.872 Thread 0x0000000023630800 Implicit null exception at 0x0000000003b6de25 to 0x0000000003b703dd
Event: 8028.872 Thread 0x0000000023630800 Implicit null exception at 0x0000000003a6a9a5 to 0x0000000003a6af41
Event: 8028.877 Thread 0x0000000023630800 Implicit null exception at 0x00000000035f7cbd to 0x00000000035f7d73
Event: 15960.970 Thread 0x0000000023634000 Exception <a 'java/lang/ClassNotFoundException': java/lang/ObjectCustomizer> (0x000000076d690210) thrown at [C:\jenkins\workspace\8-2-build-windows-amd64-cygwin\jdk8u251\737\hotspot\src\share\vm\classfile\systemDictionary.cpp, line 210]
Event: 15960.983 Thread 0x0000000023634000 Exception <a 'java/lang/ClassNotFoundException': com/nikitahotel/nikitahotel/POJO/RegisterCustomizer> (0x000000076d6ae3c8) thrown at [C:\jenkins\workspace\8-2-build-windows-amd64-cygwin\jdk8u251\737\hotspot\src\share\vm\classfile\systemDictionary.cpp, lin

Events (10 events):
Event: 27080.773 Executing VM operation: RevokeBias
Event: 27080.773 Executing VM operation: RevokeBias done
Event: 27080.774 Executing VM operation: RevokeBias
Event: 27080.774 Executing VM operation: RevokeBias done
Event: 27080.774 Executing VM operation: RevokeBias
Event: 27080.774 Executing VM operation: RevokeBias done
Event: 27080.775 Executing VM operation: BulkRevokeBias
Event: 27080.776 Executing VM operation: BulkRevokeBias done
Event: 27080.777 Thread 0x000000001c647800 flushing nmethod 0x00000000038d6490
Event: 27080.792 Thread 0x000000001c647800 flushing nmethod 0x00000000041fd850


Dynamic libraries:
0x00007ff6e3040000 - 0x00007ff6e3077000 	C:\Program Files\Java\jre1.8.0_251\bin\javaw.exe
0x00007ff8be160000 - 0x00007ff8be350000 	C:\Windows\SYSTEM32\ntdll.dll
0x00007ff8bd800000 - 0x00007ff8bd8b2000 	C:\Windows\System32\KERNEL32.DLL
0x00007ff8bb3b0000 - 0x00007ff8bb655000 	C:\Windows\System32\KERNELBASE.dll
0x00007ff8bd750000 - 0x00007ff8bd7f3000 	C:\Windows\System32\ADVAPI32.dll
0x00007ff8bdce0000 - 0x00007ff8bdd7e000 	C:\Windows\System32\msvcrt.dll
0x00007ff8bc5f0000 - 0x00007ff8bc687000 	C:\Windows\System32\sechost.dll
0x00007ff8bce50000 - 0x00007ff8bcf6f000 	C:\Windows\System32\RPCRT4.dll
0x00007ff8bda90000 - 0x00007ff8bdc24000 	C:\Windows\System32\USER32.dll
0x00007ff8bb120000 - 0x00007ff8bb141000 	C:\Windows\System32\win32u.dll
0x00007ff8bde60000 - 0x00007ff8bde86000 	C:\Windows\System32\GDI32.dll
0x00007ff8bb150000 - 0x00007ff8bb2e8000 	C:\Windows\System32\gdi32full.dll
0x00007ff8bb2f0000 - 0x00007ff8bb38e000 	C:\Windows\System32\msvcp_win.dll
0x00007ff8bc080000 - 0x00007ff8bc17a000 	C:\Windows\System32\ucrtbase.dll
0x00007ff88e0e0000 - 0x00007ff88e364000 	C:\Windows\WinSxS\amd64_microsoft.windows.common-controls_6595b64144ccf1df_6.0.18362.1440_none_9e7dbfb9e45e8e67\COMCTL32.dll
0x00007ff8bc210000 - 0x00007ff8bc546000 	C:\Windows\System32\combase.dll
0x00007ff8bc180000 - 0x00007ff8bc201000 	C:\Windows\System32\bcryptPrimitives.dll
0x00007ff8bcf70000 - 0x00007ff8bcf9e000 	C:\Windows\System32\IMM32.DLL
0x0000000055b90000 - 0x0000000055c62000 	C:\Program Files\Java\jre1.8.0_251\bin\msvcr100.dll
0x0000000055c70000 - 0x000000005651b000 	C:\Program Files\Java\jre1.8.0_251\bin\server\jvm.dll
0x00007ff8bdf00000 - 0x00007ff8bdf08000 	C:\Windows\System32\PSAPI.DLL
0x00007ff8ae320000 - 0x00007ff8ae329000 	C:\Windows\SYSTEM32\WSOCK32.dll
0x00007ff8bd6d0000 - 0x00007ff8bd73f000 	C:\Windows\System32\WS2_32.dll
0x00007ff8ae880000 - 0x00007ff8ae8a4000 	C:\Windows\SYSTEM32\WINMM.dll
0x00007ff8b2120000 - 0x00007ff8b212a000 	C:\Windows\SYSTEM32\VERSION.dll
0x00007ff8ae850000 - 0x00007ff8ae87d000 	C:\Windows\SYSTEM32\WINMMBASE.dll
0x00007ff8bb0d0000 - 0x00007ff8bb11a000 	C:\Windows\System32\cfgmgr32.dll
0x00007ff8ad9e0000 - 0x00007ff8ad9ef000 	C:\Program Files\Java\jre1.8.0_251\bin\verify.dll
0x00007ff8aba60000 - 0x00007ff8aba89000 	C:\Program Files\Java\jre1.8.0_251\bin\java.dll
0x00007ff8ac8a0000 - 0x00007ff8ac8b6000 	C:\Program Files\Java\jre1.8.0_251\bin\zip.dll
0x00007ff8bc690000 - 0x00007ff8bcd78000 	C:\Windows\System32\SHELL32.dll
0x00007ff8bd0e0000 - 0x00007ff8bd187000 	C:\Windows\System32\shcore.dll
0x00007ff8bb660000 - 0x00007ff8bbddb000 	C:\Windows\System32\windows.storage.dll
0x00007ff8bb090000 - 0x00007ff8bb0ae000 	C:\Windows\System32\profapi.dll
0x00007ff8bb020000 - 0x00007ff8bb06a000 	C:\Windows\System32\powrprof.dll
0x00007ff8bb010000 - 0x00007ff8bb020000 	C:\Windows\System32\UMPDC.dll
0x00007ff8bdf10000 - 0x00007ff8bdf62000 	C:\Windows\System32\shlwapi.dll
0x00007ff8bb070000 - 0x00007ff8bb081000 	C:\Windows\System32\kernel.appcore.dll
0x00007ff8bb390000 - 0x00007ff8bb3a7000 	C:\Windows\System32\cryptsp.dll
0x00007ff8b3260000 - 0x00007ff8b326d000 	C:\Program Files\Java\jre1.8.0_251\bin\management.dll
0x00007ff8aba40000 - 0x00007ff8aba5a000 	C:\Program Files\Java\jre1.8.0_251\bin\net.dll
0x00007ff8ba850000 - 0x00007ff8ba8b7000 	C:\Windows\system32\mswsock.dll
0x00007ff898e90000 - 0x00007ff898ea6000 	C:\Windows\system32\napinsp.dll
0x00007ff898e70000 - 0x00007ff898e8a000 	C:\Windows\system32\pnrpnsp.dll
0x00007ff8ba5a0000 - 0x00007ff8ba66b000 	C:\Windows\SYSTEM32\DNSAPI.dll
0x00007ff8bd920000 - 0x00007ff8bd928000 	C:\Windows\System32\NSI.dll
0x00007ff8ba560000 - 0x00007ff8ba59a000 	C:\Windows\SYSTEM32\IPHLPAPI.DLL
0x00007ff898e60000 - 0x00007ff898e6e000 	C:\Windows\System32\winrnr.dll
0x00007ff8b0e20000 - 0x00007ff8b0e3c000 	C:\Windows\system32\NLAapi.dll
0x00007ff898e40000 - 0x00007ff898e55000 	C:\Windows\system32\wshbth.dll
0x00007ff8a5360000 - 0x00007ff8a536a000 	C:\Windows\System32\rasadhlp.dll
0x00007ff8aeb70000 - 0x00007ff8aebe7000 	C:\Windows\System32\fwpuclnt.dll
0x00007ff8bc050000 - 0x00007ff8bc076000 	C:\Windows\System32\bcrypt.dll
0x00007ff8a5e30000 - 0x00007ff8a5e42000 	C:\Program Files\Java\jre1.8.0_251\bin\nio.dll
0x00007ff8ba370000 - 0x00007ff8ba3a3000 	C:\Windows\system32\rsaenh.dll
0x00007ff8baef0000 - 0x00007ff8baf15000 	C:\Windows\SYSTEM32\USERENV.dll
0x00007ff8baa20000 - 0x00007ff8baa2c000 	C:\Windows\SYSTEM32\CRYPTBASE.dll
0x00007ff8af8a0000 - 0x00007ff8af8b6000 	C:\Windows\SYSTEM32\dhcpcsvc6.DLL
0x00007ff8afb80000 - 0x00007ff8afb9c000 	C:\Windows\SYSTEM32\dhcpcsvc.DLL
0x00007ff87ee40000 - 0x00007ff87ee64000 	C:\Program Files\Java\jre1.8.0_251\bin\sunec.dll
0x00007ff8ae490000 - 0x00007ff8ae49c000 	C:\Program Files\Java\jre1.8.0_251\bin\sunmscapi.dll
0x00007ff8bbe40000 - 0x00007ff8bbf91000 	C:\Windows\System32\CRYPT32.dll
0x00007ff8bb0b0000 - 0x00007ff8bb0c2000 	C:\Windows\System32\MSASN1.dll
0x00007ff8bab20000 - 0x00007ff8bab46000 	C:\Windows\SYSTEM32\ncrypt.dll
0x00007ff8baae0000 - 0x00007ff8bab1b000 	C:\Windows\SYSTEM32\NTASN1.dll

VM Arguments:
jvm_args: -Dfile.encoding=UTF-8 
java_command: com.nikitahotel.nikitahotel.NikitahotelApplication
java_class_path (initial): C:\Users\KUMBHANI\Downloads\nikitahotel\nikitahotel\target\classes;C:\Users\KUMBHANI\.m2\repository\org\springframework\boot\spring-boot-starter-web\2.4.3\spring-boot-starter-web-2.4.3.jar;C:\Users\KUMBHANI\.m2\repository\org\springframework\boot\spring-boot-starter\2.4.3\spring-boot-starter-2.4.3.jar;C:\Users\KUMBHANI\.m2\repository\org\springframework\boot\spring-boot-starter-logging\2.4.3\spring-boot-starter-logging-2.4.3.jar;C:\Users\KUMBHANI\.m2\repository\ch\qos\logback\logback-classic\1.2.3\logback-classic-1.2.3.jar;C:\Users\KUMBHANI\.m2\repository\ch\qos\logback\logback-core\1.2.3\logback-core-1.2.3.jar;C:\Users\KUMBHANI\.m2\repository\org\apache\logging\log4j\log4j-to-slf4j\2.13.3\log4j-to-slf4j-2.13.3.jar;C:\Users\KUMBHANI\.m2\repository\org\apache\logging\log4j\log4j-api\2.13.3\log4j-api-2.13.3.jar;C:\Users\KUMBHANI\.m2\repository\org\slf4j\jul-to-slf4j\1.7.30\jul-to-slf4j-1.7.30.jar;C:\Users\KUMBHANI\.m2\repository\jakarta\annotation\jakarta.annotation-api\1.3.5\jakarta.annotation-api-1.3.5.jar;C:\Users\KUMBHANI\.m2\repository\org\yaml\snakeyaml\1.27\snakeyaml-1.27.jar;C:\Users\KUMBHANI\.m2\repository\org\springframework\boot\spring-boot-starter-json\2.4.3\spring-boot-starter-json-2.4.3.jar;C:\Users\KUMBHANI\.m2\repository\com\fasterxml\jackson\core\jackson-databind\2.11.4\jackson-databind-2.11.4.jar;C:\Users\KUMBHANI\.m2\repository\com\fasterxml\jackson\core\jackson-annotations\2.11.4\jackson-annotations-2.11.4.jar;C:\Users\KUMBHANI\.m2\repository\com\fasterxml\jackson\core\jackson-core\2.11.4\jackson-core-2.11.4.jar;C:\Users\KUMBHANI\.m2\repository\com\fasterxml\jackson\datatype\jackson-datatype-jdk8\2.11.4\jackson-datatype-jdk8-2.11.4.jar;C:\Users\KUMBHANI\.m2\repository\com\fasterxml\jackson\datatype\jackson-datatype-jsr310\2.11.4\jackson-datatype-jsr310-2.11.4.jar;C:\Users\KUMBHANI\.m2\repository\com\fasterxml\jackson\module\jackson-module-parameter-names\2.11.4\jackson-module-parameter-names-2.11.4.jar;C:\Users\KUMBHANI
Launcher Type: SUN_STANDARD

Environment Variables:
JAVA_HOME=C:\Program Files\Java\jdk1.8.0_251
PATH=C:/Program Files/Java/jre1.8.0_251/bin/server;C:/Program Files/Java/jre1.8.0_251/bin;C:/Program Files/Java/jre1.8.0_251/lib/amd64;C:\Program Files\Common Files\Oracle\Java\javapath;C:\Program Files (x86)\Common Files\Oracle\Java\javapath;C:\Windows\system32;C:\Windows;C:\Windows\System32\Wbem;C:\Windows\System32\WindowsPowerShell\v1.0\;C:\Windows\System32\OpenSSH\;C:\Program Files\Java\jdk1.8.0_251\bin;C:\Program Files\MySQL\MySQL Shell 8.0\bin\;C:\Users\KUMBHANI\AppData\Local\Microsoft\WindowsApps;;C:\Windows\System32;
USERNAME=KUMBHANI
OS=Windows_NT
PROCESSOR_IDENTIFIER=Intel64 Family 6 Model 142 Stepping 9, GenuineIntel



---------------  S Y S T E M  ---------------

OS: Windows 10.0 , 64 bit Build 18362 (10.0.18362.1350)

CPU:total 4 (initial active 4) (2 cores per cpu, 2 threads per core) family 6 model 142 stepping 9, cmov, cx8, fxsr, mmx, sse, sse2, sse3, ssse3, sse4.1, sse4.2, popcnt, avx, avx2, aes, clmul, erms, rtm, 3dnowpref, lzcnt, ht, tsc, tscinvbit, bmi1, bmi2, adx

Memory: 4k page, physical 16653512k(2042168k free), swap 28199108k(20k free)

vm_info: Java HotSpot(TM) 64-Bit Server VM (25.251-b08) for windows-amd64 JRE (1.8.0_251-b08), built on Mar 12 2020 06:31:49 by "" with MS VC++ 10.0 (VS2010)

time: Fri Mar 19 16:53:44 2021
timezone: Eastern Daylight Time
elapsed time: 27080 seconds (0d 7h 31m 20s)

